<?xml version="1.0" encoding="UTF-8"?>
<!-- Generated by org.testng.reporters.JUnitXMLReporter -->
<testsuite ignored="0" hostname="DESKTOP-7HDVN5M" failures="0" tests="3" name="Default test" time="69.801" errors="0" timestamp="2022-09-02T18:49:09 IST">
  <testcase classname="datadriventesting.HomePageTest" name="ValidateAddEmpTest" time="16.455"/>
  <testcase classname="datadriventesting.HomePageTest" name="ValidateAddEmpTest" time="16.045"/>
  <testcase classname="datadriventesting.HomePageTest" name="ValidateAddEmpTest" time="15.909"/>
</testsuite> <!-- Default test -->
