<?xml version="1.0" encoding="UTF-8"?>
<testng-results ignored="1" total="2" passed="1" failed="0" skipped="0">
  <reporter-output>
  </reporter-output>
  <suite started-at="2022-09-08T20:36:48 IST" name="Default suite" finished-at="2022-09-08T20:36:59 IST" duration-ms="10505">
    <groups>
    </groups>
    <test started-at="2022-09-08T20:36:48 IST" name="Default test" finished-at="2022-09-08T20:36:59 IST" duration-ms="10505">
      <class name="qa.tests.LoginPageTest">
        <test-method is-config="true" signature="SetUp()[pri:0, instance:qa.tests.LoginPageTest@3d6f0054]" started-at="2022-09-08T20:36:48 IST" name="SetUp" finished-at="2022-09-08T20:36:58 IST" duration-ms="9269" status="PASS">
          <reporter-output>
          </reporter-output>
        </test-method> <!-- SetUp -->
        <test-method signature="validateLogoTest()[pri:0, instance:qa.tests.LoginPageTest@3d6f0054]" started-at="2022-09-08T20:36:58 IST" name="validateLogoTest" finished-at="2022-09-08T20:36:58 IST" duration-ms="792" status="PASS">
          <reporter-output>
          </reporter-output>
        </test-method> <!-- validateLogoTest -->
        <test-method is-config="true" signature="CloseResources()[pri:0, instance:qa.tests.LoginPageTest@3d6f0054]" started-at="2022-09-08T20:36:58 IST" name="CloseResources" finished-at="2022-09-08T20:36:59 IST" duration-ms="336" status="PASS">
          <reporter-output>
          </reporter-output>
        </test-method> <!-- CloseResources -->
      </class> <!-- qa.tests.LoginPageTest -->
    </test> <!-- Default test -->
  </suite> <!-- Default suite -->
</testng-results>
