<?xml version="1.0" encoding="UTF-8"?>
<!-- Generated by org.testng.reporters.JUnitXMLReporter -->
<testsuite ignored="1" hostname="DESKTOP-7HDVN5M" failures="1" tests="2" name="Default test(failed)" time="18.079" errors="0" timestamp="2022-08-24T23:21:09 IST">
  <testcase classname="testngframework.AnnotaionsPriority" name="GoogleTitleTest" time="3.02">
    <failure type="org.testng.internal.thread.ThreadTimeoutException" message="Method testngframework.AnnotaionsPriority.GoogleTitleTest() didn&amp;apos;t finish within the time-out 3000">
      <![CDATA[org.testng.internal.thread.ThreadTimeoutException: Method testngframework.AnnotaionsPriority.GoogleTitleTest() didn't finish within the time-out 3000
at java.base/java.util.ArrayList.forEach(ArrayList.java:1511)
... Removed 24 stack frames]]>
    </failure>
  </testcase> <!-- GoogleTitleTest -->
  <testcase classname="testngframework.AnnotaionsPriority" name="GoogleLogoTest" time="0.0">
    <skipped/>
  </testcase> <!-- GoogleLogoTest -->
  <testcase classname="testngframework.AnnotaionsPriority" name="GoogleSearchTest" time="0.0">
    <ignored/>
  </testcase> <!-- GoogleSearchTest -->
</testsuite> <!-- Default test(failed) -->
