<?xml version="1.0" encoding="UTF-8"?>
<!-- Generated by org.testng.reporters.JUnitXMLReporter -->
<testsuite ignored="1" hostname="DESKTOP-7HDVN5M" failures="0" tests="1" name="Default test" time="10.505" errors="0" timestamp="2022-09-08T20:36:59 IST">
  <testcase classname="qa.tests.LoginPageTest" name="validateLogoTest" time="0.792"/>
  <testcase classname="qa.tests.LoginPageTest" name="validatedLoginTest" time="0.0">
    <ignored/>
  </testcase> <!-- validatedLoginTest -->
</testsuite> <!-- Default test -->
